# JRE version: Java(TM) SE Runtime Environment (8.0_191-b12) (build 1.8.0_191-b12)
# Java VM: Java HotSpot(TM) 64-Bit Server VM (25.191-b12 mixed mode windows-amd64 compressed oops)
Heap:
 PSYoungGen      total 139776K, used 130890K [0x00000000f5b00000, 0x0000000100000000, 0x0000000100000000)
  eden space 111616K, 100% used [0x00000000f5b00000,0x00000000fc800000,0x00000000fc800000)
  from space 28160K, 68% used [0x00000000fe480000,0x00000000ff752b40,0x0000000100000000)
  to   space 28672K, 0% used [0x00000000fc800000,0x00000000fc800000,0x00000000fe400000)
 ParOldGen       total 55296K, used 47241K [0x00000000e1000000, 0x00000000e4600000, 0x00000000f5b00000)
  object space 55296K, 85% used [0x00000000e1000000,0x00000000e3e22478,0x00000000e4600000)
 Metaspace       used 31414K, capacity 32148K, committed 32384K, reserved 1077248K
  class space    used 3696K, capacity 3950K, committed 3968K, reserved 1048576K
GC Heap History (10 events):
Event: 3231.219 GC heap before
{Heap before GC invocations=26 (full 2):
 PSYoungGen      total 137216K, used 131913K [0x00000000f5b00000, 0x0000000100000000, 0x0000000100000000)
  eden space 114688K, 100% used [0x00000000f5b00000,0x00000000fcb00000,0x00000000fcb00000)
  from space 22528K, 76% used [0x00000000fcb00000,0x00000000fdbd2558,0x00000000fe100000)
  to   space 23552K, 0% used [0x00000000fe900000,0x00000000fe900000,0x0000000100000000)
 ParOldGen       total 55296K, used 41068K [0x00000000e1000000, 0x00000000e4600000, 0x00000000f5b00000)
  object space 55296K, 74% used [0x00000000e1000000,0x00000000e381b068,0x00000000e4600000)
 Metaspace       used 31284K, capacity 32032K, committed 32128K, reserved 1077248K
  class space    used 3678K, capacity 3932K, committed 3968K, reserved 1048576K
Event: 3233.774 GC heap after
Heap after GC invocations=26 (full 2):
 PSYoungGen      total 140288K, used 19809K [0x00000000f5b00000, 0x0000000100000000, 0x0000000100000000)
  eden space 116736K, 0% used [0x00000000f5b00000,0x00000000f5b00000,0x00000000fcd00000)
  from space 23552K, 84% used [0x00000000fe900000,0x00000000ffc58538,0x0000000100000000)
  to   space 26112K, 0% used [0x00000000fcd00000,0x00000000fcd00000,0x00000000fe680000)
 ParOldGen       total 55296K, used 42193K [0x00000000e1000000, 0x00000000e4600000, 0x00000000f5b00000)
  object space 55296K, 76% used [0x00000000e1000000,0x00000000e3934480,0x00000000e4600000)
 Metaspace       used 31284K, capacity 32032K, committed 32128K, reserved 1077248K
  class space    used 3678K, capacity 3932K, committed 3968K, reserved 1048576K
}
Event: 3527.566 GC heap before
{Heap before GC invocations=27 (full 2):
 PSYoungGen      total 140288K, used 136545K [0x00000000f5b00000, 0x0000000100000000, 0x0000000100000000)
  eden space 116736K, 100% used [0x00000000f5b00000,0x00000000fcd00000,0x00000000fcd00000)
  from space 23552K, 84% used [0x00000000fe900000,0x00000000ffc58538,0x0000000100000000)
  to   space 26112K, 0% used [0x00000000fcd00000,0x00000000fcd00000,0x00000000fe680000)
 ParOldGen       total 55296K, used 42193K [0x00000000e1000000, 0x00000000e4600000, 0x00000000f5b00000)
  object space 55296K, 76% used [0x00000000e1000000,0x00000000e3934480,0x00000000e4600000)
 Metaspace       used 31366K, capacity 32064K, committed 32128K, reserved 1077248K
  class space    used 3689K, capacity 3942K, committed 3968K, reserved 1048576K
Event: 3530.261 GC heap after
Heap after GC invocations=27 (full 2):
 PSYoungGen      total 134144K, used 17101K [0x00000000f5b00000, 0x0000000100000000, 0x0000000100000000)
  eden space 116736K, 0% used [0x00000000f5b00000,0x00000000f5b00000,0x00000000fcd00000)
  from space 17408K, 98% used [0x00000000fcd00000,0x00000000fddb36b0,0x00000000fde00000)
  to   space 26624K, 0% used [0x00000000fe600000,0x00000000fe600000,0x0000000100000000)
 ParOldGen       total 55296K, used 43203K [0x00000000e1000000, 0x00000000e4600000, 0x00000000f5b00000)
  object space 55296K, 78% used [0x00000000e1000000,0x00000000e3a30e20,0x00000000e4600000)
 Metaspace       used 31366K, capacity 32064K, committed 32128K, reserved 1077248K
  class space    used 3689K, capacity 3942K, committed 3968K, reserved 1048576K
}
Event: 3545.454 GC heap before
{Heap before GC invocations=28 (full 2):
 PSYoungGen      total 134144K, used 133837K [0x00000000f5b00000, 0x0000000100000000, 0x0000000100000000)
  eden space 116736K, 100% used [0x00000000f5b00000,0x00000000fcd00000,0x00000000fcd00000)
  from space 17408K, 98% used [0x00000000fcd00000,0x00000000fddb36b0,0x00000000fde00000)
  to   space 26624K, 0% used [0x00000000fe600000,0x00000000fe600000,0x0000000100000000)
 ParOldGen       total 55296K, used 43203K [0x00000000e1000000, 0x00000000e4600000, 0x00000000f5b00000)
  object space 55296K, 78% used [0x00000000e1000000,0x00000000e3a30e20,0x00000000e4600000)
 Metaspace       used 31367K, capacity 32064K, committed 32128K, reserved 1077248K
  class space    used 3689K, capacity 3942K, committed 3968K, reserved 1048576K
Event: 3546.699 GC heap after
Heap after GC invocations=28 (full 2):
 PSYoungGen      total 140288K, used 19273K [0x00000000f5b00000, 0x0000000100000000, 0x0000000100000000)
  eden space 113664K, 0% used [0x00000000f5b00000,0x00000000f5b00000,0x00000000fca00000)
  from space 26624K, 72% used [0x00000000fe600000,0x00000000ff8d2638,0x0000000100000000)
  to   space 27648K, 0% used [0x00000000fca00000,0x00000000fca00000,0x00000000fe500000)
 ParOldGen       total 55296K, used 44864K [0x00000000e1000000, 0x00000000e4600000, 0x00000000f5b00000)
  object space 55296K, 81% used [0x00000000e1000000,0x00000000e3bd03a8,0x00000000e4600000)
 Metaspace       used 31367K, capacity 32064K, committed 32128K, reserved 1077248K
  class space    used 3689K, capacity 3942K, committed 3968K, reserved 1048576K
}
Event: 3919.727 GC heap before
{Heap before GC invocations=29 (full 2):
 PSYoungGen      total 140288K, used 132937K [0x00000000f5b00000, 0x0000000100000000, 0x0000000100000000)
  eden space 113664K, 100% used [0x00000000f5b00000,0x00000000fca00000,0x00000000fca00000)
  from space 26624K, 72% used [0x00000000fe600000,0x00000000ff8d2638,0x0000000100000000)
  to   space 27648K, 0% used [0x00000000fca00000,0x00000000fca00000,0x00000000fe500000)
 ParOldGen       total 55296K, used 44864K [0x00000000e1000000, 0x00000000e4600000, 0x00000000f5b00000)
  object space 55296K, 81% used [0x00000000e1000000,0x00000000e3bd03a8,0x00000000e4600000)
 Metaspace       used 31407K, capacity 32148K, committed 32384K, reserved 1077248K
  class space    used 3696K, capacity 3950K, committed 3968K, reserved 1048576K
Event: 3922.885 GC heap after
Heap after GC invocations=29 (full 2):
 PSYoungGen      total 131072K, used 17346K [0x00000000f5b00000, 0x0000000100000000, 0x0000000100000000)
  eden space 113664K, 0% used [0x00000000f5b00000,0x00000000f5b00000,0x00000000fca00000)
  from space 17408K, 99% used [0x00000000fca00000,0x00000000fdaf0b38,0x00000000fdb00000)
  to   space 28160K, 0% used [0x00000000fe480000,0x00000000fe480000,0x0000000100000000)
 ParOldGen       total 55296K, used 46279K [0x00000000e1000000, 0x00000000e4600000, 0x00000000f5b00000)
  object space 55296K, 83% used [0x00000000e1000000,0x00000000e3d31df0,0x00000000e4600000)
 Metaspace       used 31407K, capacity 32148K, committed 32384K, reserved 1077248K
  class space    used 3696K, capacity 3950K, committed 3968K, reserved 1048576K
}
Event: 3938.068 GC heap before
{Heap before GC invocations=30 (full 2):
 PSYoungGen      total 131072K, used 131010K [0x00000000f5b00000, 0x0000000100000000, 0x0000000100000000)
  eden space 113664K, 100% used [0x00000000f5b00000,0x00000000fca00000,0x00000000fca00000)
  from space 17408K, 99% used [0x00000000fca00000,0x00000000fdaf0b38,0x00000000fdb00000)
  to   space 28160K, 0% used [0x00000000fe480000,0x00000000fe480000,0x0000000100000000)
 ParOldGen       total 55296K, used 46279K [0x00000000e1000000, 0x00000000e4600000, 0x00000000f5b00000)
  object space 55296K, 83% used [0x00000000e1000000,0x00000000e3d31df0,0x00000000e4600000)
 Metaspace       used 31407K, capacity 32148K, committed 32384K, reserved 1077248K
  class space    used 3696K, capacity 3950K, committed 3968K, reserved 1048576K
Event: 3941.069 GC heap after
Heap after GC invocations=30 (full 2):
 PSYoungGen      total 139776K, used 19274K [0x00000000f5b00000, 0x0000000100000000, 0x0000000100000000)
  eden space 111616K, 0% used [0x00000000f5b00000,0x00000000f5b00000,0x00000000fc800000)
  from space 28160K, 68% used [0x00000000fe480000,0x00000000ff752b40,0x0000000100000000)
  to   space 28672K, 0% used [0x00000000fc800000,0x00000000fc800000,0x00000000fe400000)
 ParOldGen       total 55296K, used 47241K [0x00000000e1000000, 0x00000000e4600000, 0x00000000f5b00000)
  object space 55296K, 85% used [0x00000000e1000000,0x00000000e3e22478,0x00000000e4600000)
 Metaspace       used 31407K, capacity 32148K, committed 32384K, reserved 1077248K
  class space    used 3696K, capacity 3950K, committed 3968K, reserved 1048576K
}

