# JRE version: Java(TM) SE Runtime Environment (8.0_191-b12) (build 1.8.0_191-b12)
# Java VM: Java HotSpot(TM) 64-Bit Server VM (25.191-b12 mixed mode windows-amd64 compressed oops)
Heap:
 PSYoungGen      total 140288K, used 127619K [0x00000000f5b00000, 0x0000000100000000, 0x0000000100000000)
  eden space 113664K, 95% used [0x00000000f5b00000,0x00000000fc4dcd88,0x00000000fca00000)
  from space 26624K, 72% used [0x00000000fca00000,0x00000000fdcc40a0,0x00000000fe400000)
  to   space 26624K, 0% used [0x00000000fe600000,0x00000000fe600000,0x0000000100000000)
 ParOldGen       total 64000K, used 56322K [0x00000000e1000000, 0x00000000e4e80000, 0x00000000f5b00000)
  object space 64000K, 88% used [0x00000000e1000000,0x00000000e4700b38,0x00000000e4e80000)
 Metaspace       used 43668K, capacity 44486K, committed 44928K, reserved 1089536K
  class space    used 4581K, capacity 4879K, committed 4992K, reserved 1048576K
GC Heap History (10 events):
Event: 4730.149 GC heap before
{Heap before GC invocations=32 (full 3):
 PSYoungGen      total 138752K, used 128079K [0x00000000f5b00000, 0x00000000fff00000, 0x0000000100000000)
  eden space 110080K, 100% used [0x00000000f5b00000,0x00000000fc680000,0x00000000fc680000)
  from space 28672K, 62% used [0x00000000fe280000,0x00000000ff413e40,0x00000000ffe80000)
  to   space 28672K, 0% used [0x00000000fc680000,0x00000000fc680000,0x00000000fe280000)
 ParOldGen       total 64000K, used 46429K [0x00000000e1000000, 0x00000000e4e80000, 0x00000000f5b00000)
  object space 64000K, 72% used [0x00000000e1000000,0x00000000e3d57750,0x00000000e4e80000)
 Metaspace       used 36438K, capacity 37146K, committed 37632K, reserved 1083392K
  class space    used 3979K, capacity 4233K, committed 4352K, reserved 1048576K
Event: 4730.267 GC heap after
Heap after GC invocations=32 (full 3):
 PSYoungGen      total 138752K, used 19010K [0x00000000f5b00000, 0x0000000100000000, 0x0000000100000000)
  eden space 110080K, 0% used [0x00000000f5b00000,0x00000000f5b00000,0x00000000fc680000)
  from space 28672K, 66% used [0x00000000fc680000,0x00000000fd9108e8,0x00000000fe280000)
  to   space 28672K, 0% used [0x00000000fe400000,0x00000000fe400000,0x0000000100000000)
 ParOldGen       total 64000K, used 48706K [0x00000000e1000000, 0x00000000e4e80000, 0x00000000f5b00000)
  object space 64000K, 76% used [0x00000000e1000000,0x00000000e3f909b8,0x00000000e4e80000)
 Metaspace       used 36438K, capacity 37146K, committed 37632K, reserved 1083392K
  class space    used 3979K, capacity 4233K, committed 4352K, reserved 1048576K
}
Event: 4995.109 GC heap before
{Heap before GC invocations=33 (full 3):
 PSYoungGen      total 138752K, used 129090K [0x00000000f5b00000, 0x0000000100000000, 0x0000000100000000)
  eden space 110080K, 100% used [0x00000000f5b00000,0x00000000fc680000,0x00000000fc680000)
  from space 28672K, 66% used [0x00000000fc680000,0x00000000fd9108e8,0x00000000fe280000)
  to   space 28672K, 0% used [0x00000000fe400000,0x00000000fe400000,0x0000000100000000)
 ParOldGen       total 64000K, used 48706K [0x00000000e1000000, 0x00000000e4e80000, 0x00000000f5b00000)
  object space 64000K, 76% used [0x00000000e1000000,0x00000000e3f909b8,0x00000000e4e80000)
 Metaspace       used 36474K, capacity 37166K, committed 37632K, reserved 1083392K
  class space    used 3986K, capacity 4241K, committed 4352K, reserved 1048576K
Event: 4996.432 GC heap after
Heap after GC invocations=33 (full 3):
 PSYoungGen      total 138240K, used 16812K [0x00000000f5b00000, 0x00000000ffe00000, 0x0000000100000000)
  eden space 111616K, 0% used [0x00000000f5b00000,0x00000000f5b00000,0x00000000fc800000)
  from space 26624K, 63% used [0x00000000fe400000,0x00000000ff46b140,0x00000000ffe00000)
  to   space 27648K, 0% used [0x00000000fc800000,0x00000000fc800000,0x00000000fe300000)
 ParOldGen       total 64000K, used 49892K [0x00000000e1000000, 0x00000000e4e80000, 0x00000000f5b00000)
  object space 64000K, 77% used [0x00000000e1000000,0x00000000e40b9210,0x00000000e4e80000)
 Metaspace       used 36474K, capacity 37166K, committed 37632K, reserved 1083392K
  class space    used 3986K, capacity 4241K, committed 4352K, reserved 1048576K
}
Event: 5008.950 GC heap before
{Heap before GC invocations=34 (full 3):
 PSYoungGen      total 138240K, used 128428K [0x00000000f5b00000, 0x00000000ffe00000, 0x0000000100000000)
  eden space 111616K, 100% used [0x00000000f5b00000,0x00000000fc800000,0x00000000fc800000)
  from space 26624K, 63% used [0x00000000fe400000,0x00000000ff46b140,0x00000000ffe00000)
  to   space 27648K, 0% used [0x00000000fc800000,0x00000000fc800000,0x00000000fe300000)
 ParOldGen       total 64000K, used 49892K [0x00000000e1000000, 0x00000000e4e80000, 0x00000000f5b00000)
  object space 64000K, 77% used [0x00000000e1000000,0x00000000e40b9210,0x00000000e4e80000)
 Metaspace       used 36474K, capacity 37166K, committed 37632K, reserved 1083392K
  class space    used 3986K, capacity 4241K, committed 4352K, reserved 1048576K
Event: 5011.611 GC heap after
Heap after GC invocations=34 (full 3):
 PSYoungGen      total 139264K, used 18865K [0x00000000f5b00000, 0x0000000100000000, 0x0000000100000000)
  eden space 111616K, 0% used [0x00000000f5b00000,0x00000000f5b00000,0x00000000fc800000)
  from space 27648K, 68% used [0x00000000fc800000,0x00000000fda6c428,0x00000000fe300000)
  to   space 27648K, 0% used [0x00000000fe500000,0x00000000fe500000,0x0000000100000000)
 ParOldGen       total 64000K, used 52446K [0x00000000e1000000, 0x00000000e4e80000, 0x00000000f5b00000)
  object space 64000K, 81% used [0x00000000e1000000,0x00000000e43379f0,0x00000000e4e80000)
 Metaspace       used 36474K, capacity 37166K, committed 37632K, reserved 1083392K
  class space    used 3986K, capacity 4241K, committed 4352K, reserved 1048576K
}
Event: 5380.276 GC heap before
{Heap before GC invocations=35 (full 3):
 PSYoungGen      total 139264K, used 130481K [0x00000000f5b00000, 0x0000000100000000, 0x0000000100000000)
  eden space 111616K, 100% used [0x00000000f5b00000,0x00000000fc800000,0x00000000fc800000)
  from space 27648K, 68% used [0x00000000fc800000,0x00000000fda6c428,0x00000000fe300000)
  to   space 27648K, 0% used [0x00000000fe500000,0x00000000fe500000,0x0000000100000000)
 ParOldGen       total 64000K, used 52446K [0x00000000e1000000, 0x00000000e4e80000, 0x00000000f5b00000)
  object space 64000K, 81% used [0x00000000e1000000,0x00000000e43379f0,0x00000000e4e80000)
 Metaspace       used 43643K, capacity 44466K, committed 44928K, reserved 1089536K
  class space    used 4574K, capacity 4871K, committed 4992K, reserved 1048576K
Event: 5382.650 GC heap after
Heap after GC invocations=35 (full 3):
 PSYoungGen      total 139264K, used 15713K [0x00000000f5b00000, 0x00000000ffe00000, 0x0000000100000000)
  eden space 113664K, 0% used [0x00000000f5b00000,0x00000000f5b00000,0x00000000fca00000)
  from space 25600K, 61% used [0x00000000fe500000,0x00000000ff458420,0x00000000ffe00000)
  to   space 26624K, 0% used [0x00000000fca00000,0x00000000fca00000,0x00000000fe400000)
 ParOldGen       total 64000K, used 53708K [0x00000000e1000000, 0x00000000e4e80000, 0x00000000f5b00000)
  object space 64000K, 83% used [0x00000000e1000000,0x00000000e44731d0,0x00000000e4e80000)
 Metaspace       used 43643K, capacity 44466K, committed 44928K, reserved 1089536K
  class space    used 4574K, capacity 4871K, committed 4992K, reserved 1048576K
}
Event: 5396.615 GC heap before
{Heap before GC invocations=36 (full 3):
 PSYoungGen      total 139264K, used 129377K [0x00000000f5b00000, 0x00000000ffe00000, 0x0000000100000000)
  eden space 113664K, 100% used [0x00000000f5b00000,0x00000000fca00000,0x00000000fca00000)
  from space 25600K, 61% used [0x00000000fe500000,0x00000000ff458420,0x00000000ffe00000)
  to   space 26624K, 0% used [0x00000000fca00000,0x00000000fca00000,0x00000000fe400000)
 ParOldGen       total 64000K, used 53708K [0x00000000e1000000, 0x00000000e4e80000, 0x00000000f5b00000)
  object space 64000K, 83% used [0x00000000e1000000,0x00000000e44731d0,0x00000000e4e80000)
 Metaspace       used 43643K, capacity 44466K, committed 44928K, reserved 1089536K
  class space    used 4574K, capacity 4871K, committed 4992K, reserved 1048576K
Event: 5400.086 GC heap after
Heap after GC invocations=36 (full 3):
 PSYoungGen      total 140288K, used 19216K [0x00000000f5b00000, 0x0000000100000000, 0x0000000100000000)
  eden space 113664K, 0% used [0x00000000f5b00000,0x00000000f5b00000,0x00000000fca00000)
  from space 26624K, 72% used [0x00000000fca00000,0x00000000fdcc40a0,0x00000000fe400000)
  to   space 26624K, 0% used [0x00000000fe600000,0x00000000fe600000,0x0000000100000000)
 ParOldGen       total 64000K, used 56322K [0x00000000e1000000, 0x00000000e4e80000, 0x00000000f5b00000)
  object space 64000K, 88% used [0x00000000e1000000,0x00000000e4700b38,0x00000000e4e80000)
 Metaspace       used 43643K, capacity 44466K, committed 44928K, reserved 1089536K
  class space    used 4574K, capacity 4871K, committed 4992K, reserved 1048576K
}

