# JRE version: Java(TM) SE Runtime Environment (8.0_191-b12) (build 1.8.0_191-b12)
# Java VM: Java HotSpot(TM) 64-Bit Server VM (25.191-b12 mixed mode windows-amd64 compressed oops)
Heap:
 PSYoungGen      total 18432K, used 2418K [0x00000000f5b00000, 0x00000000f6e00000, 0x0000000100000000)
  eden space 17408K, 8% used [0x00000000f5b00000,0x00000000f5c60af0,0x00000000f6c00000)
  from space 1024K, 98% used [0x00000000f6d00000,0x00000000f6dfc010,0x00000000f6e00000)
  to   space 1024K, 0% used [0x00000000f6c00000,0x00000000f6c00000,0x00000000f6d00000)
 ParOldGen       total 22016K, used 10415K [0x00000000e1000000, 0x00000000e2580000, 0x00000000f5b00000)
  object space 22016K, 47% used [0x00000000e1000000,0x00000000e1a2bef8,0x00000000e2580000)
 Metaspace       used 13214K, capacity 13428K, committed 13568K, reserved 1060864K
  class space    used 1666K, capacity 1766K, committed 1792K, reserved 1048576K
GC Heap History (10 events):
Event: 6.756 GC heap before
{Heap before GC invocations=2 (full 0):
 PSYoungGen      total 9728K, used 9728K [0x00000000f5b00000, 0x00000000f6580000, 0x0000000100000000)
  eden space 8704K, 100% used [0x00000000f5b00000,0x00000000f6380000,0x00000000f6380000)
  from space 1024K, 100% used [0x00000000f6380000,0x00000000f6480000,0x00000000f6480000)
  to   space 1024K, 0% used [0x00000000f6480000,0x00000000f6480000,0x00000000f6580000)
 ParOldGen       total 22016K, used 1223K [0x00000000e1000000, 0x00000000e2580000, 0x00000000f5b00000)
  object space 22016K, 5% used [0x00000000e1000000,0x00000000e1131e78,0x00000000e2580000)
 Metaspace       used 7385K, capacity 7548K, committed 7680K, reserved 1056768K
  class space    used 855K, capacity 920K, committed 1024K, reserved 1048576K
Event: 6.777 GC heap after
Heap after GC invocations=2 (full 0):
 PSYoungGen      total 9728K, used 1024K [0x00000000f5b00000, 0x00000000f6580000, 0x0000000100000000)
  eden space 8704K, 0% used [0x00000000f5b00000,0x00000000f5b00000,0x00000000f6380000)
  from space 1024K, 100% used [0x00000000f6480000,0x00000000f6580000,0x00000000f6580000)
  to   space 1024K, 0% used [0x00000000f6380000,0x00000000f6380000,0x00000000f6480000)
 ParOldGen       total 22016K, used 2639K [0x00000000e1000000, 0x00000000e2580000, 0x00000000f5b00000)
  object space 22016K, 11% used [0x00000000e1000000,0x00000000e1293e50,0x00000000e2580000)
 Metaspace       used 7385K, capacity 7548K, committed 7680K, reserved 1056768K
  class space    used 855K, capacity 920K, committed 1024K, reserved 1048576K
}
Event: 7.561 GC heap before
{Heap before GC invocations=3 (full 0):
 PSYoungGen      total 9728K, used 9728K [0x00000000f5b00000, 0x00000000f6580000, 0x0000000100000000)
  eden space 8704K, 100% used [0x00000000f5b00000,0x00000000f6380000,0x00000000f6380000)
  from space 1024K, 100% used [0x00000000f6480000,0x00000000f6580000,0x00000000f6580000)
  to   space 1024K, 0% used [0x00000000f6380000,0x00000000f6380000,0x00000000f6480000)
 ParOldGen       total 22016K, used 2639K [0x00000000e1000000, 0x00000000e2580000, 0x00000000f5b00000)
  object space 22016K, 11% used [0x00000000e1000000,0x00000000e1293e50,0x00000000e2580000)
 Metaspace       used 8415K, capacity 8540K, committed 8832K, reserved 1056768K
  class space    used 1016K, capacity 1080K, committed 1152K, reserved 1048576K
Event: 7.572 GC heap after
Heap after GC invocations=3 (full 0):
 PSYoungGen      total 9728K, used 1008K [0x00000000f5b00000, 0x00000000f6e00000, 0x0000000100000000)
  eden space 8704K, 0% used [0x00000000f5b00000,0x00000000f5b00000,0x00000000f6380000)
  from space 1024K, 98% used [0x00000000f6380000,0x00000000f647c030,0x00000000f6480000)
  to   space 1024K, 0% used [0x00000000f6d00000,0x00000000f6d00000,0x00000000f6e00000)
 ParOldGen       total 22016K, used 3731K [0x00000000e1000000, 0x00000000e2580000, 0x00000000f5b00000)
  object space 22016K, 16% used [0x00000000e1000000,0x00000000e13a4d38,0x00000000e2580000)
 Metaspace       used 8415K, capacity 8540K, committed 8832K, reserved 1056768K
  class space    used 1016K, capacity 1080K, committed 1152K, reserved 1048576K
}
Event: 8.099 GC heap before
{Heap before GC invocations=4 (full 0):
 PSYoungGen      total 9728K, used 9712K [0x00000000f5b00000, 0x00000000f6e00000, 0x0000000100000000)
  eden space 8704K, 100% used [0x00000000f5b00000,0x00000000f6380000,0x00000000f6380000)
  from space 1024K, 98% used [0x00000000f6380000,0x00000000f647c030,0x00000000f6480000)
  to   space 1024K, 0% used [0x00000000f6d00000,0x00000000f6d00000,0x00000000f6e00000)
 ParOldGen       total 22016K, used 3731K [0x00000000e1000000, 0x00000000e2580000, 0x00000000f5b00000)
  object space 22016K, 16% used [0x00000000e1000000,0x00000000e13a4d38,0x00000000e2580000)
 Metaspace       used 8754K, capacity 8924K, committed 9088K, reserved 1056768K
  class space    used 1075K, capacity 1144K, committed 1152K, reserved 1048576K
Event: 8.107 GC heap after
Heap after GC invocations=4 (full 0):
 PSYoungGen      total 18432K, used 1008K [0x00000000f5b00000, 0x00000000f6e00000, 0x0000000100000000)
  eden space 17408K, 0% used [0x00000000f5b00000,0x00000000f5b00000,0x00000000f6c00000)
  from space 1024K, 98% used [0x00000000f6d00000,0x00000000f6dfc010,0x00000000f6e00000)
  to   space 1024K, 0% used [0x00000000f6c00000,0x00000000f6c00000,0x00000000f6d00000)
 ParOldGen       total 22016K, used 4403K [0x00000000e1000000, 0x00000000e2580000, 0x00000000f5b00000)
  object space 22016K, 20% used [0x00000000e1000000,0x00000000e144cfc0,0x00000000e2580000)
 Metaspace       used 8754K, capacity 8924K, committed 9088K, reserved 1056768K
  class space    used 1075K, capacity 1144K, committed 1152K, reserved 1048576K
}
Event: 9.225 GC heap before
{Heap before GC invocations=5 (full 0):
 PSYoungGen      total 18432K, used 18416K [0x00000000f5b00000, 0x00000000f6e00000, 0x0000000100000000)
  eden space 17408K, 100% used [0x00000000f5b00000,0x00000000f6c00000,0x00000000f6c00000)
  from space 1024K, 98% used [0x00000000f6d00000,0x00000000f6dfc010,0x00000000f6e00000)
  to   space 1024K, 0% used [0x00000000f6c00000,0x00000000f6c00000,0x00000000f6d00000)
 ParOldGen       total 22016K, used 4403K [0x00000000e1000000, 0x00000000e2580000, 0x00000000f5b00000)
  object space 22016K, 20% used [0x00000000e1000000,0x00000000e144cfc0,0x00000000e2580000)
 Metaspace       used 10902K, capacity 11102K, committed 11264K, reserved 1058816K
  class space    used 1345K, capacity 1443K, committed 1536K, reserved 1048576K
Event: 9.238 GC heap after
Heap after GC invocations=5 (full 0):
 PSYoungGen      total 18432K, used 1008K [0x00000000f5b00000, 0x00000000f6e00000, 0x0000000100000000)
  eden space 17408K, 0% used [0x00000000f5b00000,0x00000000f5b00000,0x00000000f6c00000)
  from space 1024K, 98% used [0x00000000f6c00000,0x00000000f6cfc010,0x00000000f6d00000)
  to   space 1024K, 0% used [0x00000000f6d00000,0x00000000f6d00000,0x00000000f6e00000)
 ParOldGen       total 22016K, used 7352K [0x00000000e1000000, 0x00000000e2580000, 0x00000000f5b00000)
  object space 22016K, 33% used [0x00000000e1000000,0x00000000e172e228,0x00000000e2580000)
 Metaspace       used 10902K, capacity 11102K, committed 11264K, reserved 1058816K
  class space    used 1345K, capacity 1443K, committed 1536K, reserved 1048576K
}
Event: 10.751 GC heap before
{Heap before GC invocations=6 (full 0):
 PSYoungGen      total 18432K, used 18416K [0x00000000f5b00000, 0x00000000f6e00000, 0x0000000100000000)
  eden space 17408K, 100% used [0x00000000f5b00000,0x00000000f6c00000,0x00000000f6c00000)
  from space 1024K, 98% used [0x00000000f6c00000,0x00000000f6cfc010,0x00000000f6d00000)
  to   space 1024K, 0% used [0x00000000f6d00000,0x00000000f6d00000,0x00000000f6e00000)
 ParOldGen       total 22016K, used 7352K [0x00000000e1000000, 0x00000000e2580000, 0x00000000f5b00000)
  object space 22016K, 33% used [0x00000000e1000000,0x00000000e172e228,0x00000000e2580000)
 Metaspace       used 12985K, capacity 13198K, committed 13312K, reserved 1060864K
  class space    used 1641K, capacity 1733K, committed 1792K, reserved 1048576K
Event: 10.765 GC heap after
Heap after GC invocations=6 (full 0):
 PSYoungGen      total 18432K, used 1008K [0x00000000f5b00000, 0x00000000f6e00000, 0x0000000100000000)
  eden space 17408K, 0% used [0x00000000f5b00000,0x00000000f5b00000,0x00000000f6c00000)
  from space 1024K, 98% used [0x00000000f6d00000,0x00000000f6dfc010,0x00000000f6e00000)
  to   space 1024K, 0% used [0x00000000f6c00000,0x00000000f6c00000,0x00000000f6d00000)
 ParOldGen       total 22016K, used 10415K [0x00000000e1000000, 0x00000000e2580000, 0x00000000f5b00000)
  object space 22016K, 47% used [0x00000000e1000000,0x00000000e1a2bef8,0x00000000e2580000)
 Metaspace       used 12985K, capacity 13198K, committed 13312K, reserved 1060864K
  class space    used 1641K, capacity 1733K, committed 1792K, reserved 1048576K
}

