# JRE version: Java(TM) SE Runtime Environment (8.0_191-b12) (build 1.8.0_191-b12)
# Java VM: Java HotSpot(TM) 64-Bit Server VM (25.191-b12 mixed mode windows-amd64 compressed oops)
Heap:
 PSYoungGen      total 16896K, used 15245K [0x00000000f5b00000, 0x00000000f7400000, 0x0000000100000000)
  eden space 15360K, 89% used [0x00000000f5b00000,0x00000000f687da50,0x00000000f6a00000)
  from space 1536K, 93% used [0x00000000f6c80000,0x00000000f6de5d10,0x00000000f6e00000)
  to   space 4608K, 0% used [0x00000000f6f80000,0x00000000f6f80000,0x00000000f7400000)
 ParOldGen       total 22016K, used 16110K [0x00000000e1000000, 0x00000000e2580000, 0x00000000f5b00000)
  object space 22016K, 73% used [0x00000000e1000000,0x00000000e1fbb990,0x00000000e2580000)
 Metaspace       used 19353K, capacity 19860K, committed 19968K, reserved 1067008K
  class space    used 2296K, capacity 2452K, committed 2560K, reserved 1048576K
GC Heap History (10 events):
Event: 24.014 GC heap before
{Heap before GC invocations=11 (full 0):
 PSYoungGen      total 20992K, used 20725K [0x00000000f5b00000, 0x00000000f7e80000, 0x0000000100000000)
  eden space 16896K, 100% used [0x00000000f5b00000,0x00000000f6b80000,0x00000000f6b80000)
  from space 4096K, 93% used [0x00000000f7a80000,0x00000000f7e3d5c8,0x00000000f7e80000)
  to   space 4608K, 0% used [0x00000000f7580000,0x00000000f7580000,0x00000000f7a00000)
 ParOldGen       total 22016K, used 9382K [0x00000000e1000000, 0x00000000e2580000, 0x00000000f5b00000)
  object space 22016K, 42% used [0x00000000e1000000,0x00000000e1929980,0x00000000e2580000)
 Metaspace       used 15537K, capacity 15746K, committed 15872K, reserved 1062912K
  class space    used 1879K, capacity 1971K, committed 2048K, reserved 1048576K
Event: 24.033 GC heap after
Heap after GC invocations=11 (full 0):
 PSYoungGen      total 18432K, used 1568K [0x00000000f5b00000, 0x00000000f7b00000, 0x0000000100000000)
  eden space 16384K, 0% used [0x00000000f5b00000,0x00000000f5b00000,0x00000000f6b00000)
  from space 2048K, 76% used [0x00000000f7580000,0x00000000f7708000,0x00000000f7780000)
  to   space 3584K, 0% used [0x00000000f7780000,0x00000000f7780000,0x00000000f7b00000)
 ParOldGen       total 22016K, used 12582K [0x00000000e1000000, 0x00000000e2580000, 0x00000000f5b00000)
  object space 22016K, 57% used [0x00000000e1000000,0x00000000e1c49990,0x00000000e2580000)
 Metaspace       used 15537K, capacity 15746K, committed 15872K, reserved 1062912K
  class space    used 1879K, capacity 1971K, committed 2048K, reserved 1048576K
}
Event: 26.849 GC heap before
{Heap before GC invocations=12 (full 0):
 PSYoungGen      total 18432K, used 17952K [0x00000000f5b00000, 0x00000000f7b00000, 0x0000000100000000)
  eden space 16384K, 100% used [0x00000000f5b00000,0x00000000f6b00000,0x00000000f6b00000)
  from space 2048K, 76% used [0x00000000f7580000,0x00000000f7708000,0x00000000f7780000)
  to   space 3584K, 0% used [0x00000000f7780000,0x00000000f7780000,0x00000000f7b00000)
 ParOldGen       total 22016K, used 12582K [0x00000000e1000000, 0x00000000e2580000, 0x00000000f5b00000)
  object space 22016K, 57% used [0x00000000e1000000,0x00000000e1c49990,0x00000000e2580000)
 Metaspace       used 16337K, capacity 16698K, committed 17024K, reserved 1064960K
  class space    used 1968K, capacity 2075K, committed 2176K, reserved 1048576K
Event: 26.860 GC heap after
Heap after GC invocations=12 (full 0):
 PSYoungGen      total 17408K, used 1484K [0x00000000f5b00000, 0x00000000f7900000, 0x0000000100000000)
  eden space 15872K, 0% used [0x00000000f5b00000,0x00000000f5b00000,0x00000000f6a80000)
  from space 1536K, 96% used [0x00000000f7780000,0x00000000f78f3050,0x00000000f7900000)
  to   space 4608K, 0% used [0x00000000f7000000,0x00000000f7000000,0x00000000f7480000)
 ParOldGen       total 22016K, used 13750K [0x00000000e1000000, 0x00000000e2580000, 0x00000000f5b00000)
  object space 22016K, 62% used [0x00000000e1000000,0x00000000e1d6d990,0x00000000e2580000)
 Metaspace       used 16337K, capacity 16698K, committed 17024K, reserved 1064960K
  class space    used 1968K, capacity 2075K, committed 2176K, reserved 1048576K
}
Event: 29.682 GC heap before
{Heap before GC invocations=13 (full 0):
 PSYoungGen      total 17408K, used 17356K [0x00000000f5b00000, 0x00000000f7900000, 0x0000000100000000)
  eden space 15872K, 100% used [0x00000000f5b00000,0x00000000f6a80000,0x00000000f6a80000)
  from space 1536K, 96% used [0x00000000f7780000,0x00000000f78f3050,0x00000000f7900000)
  to   space 4608K, 0% used [0x00000000f7000000,0x00000000f7000000,0x00000000f7480000)
 ParOldGen       total 22016K, used 13750K [0x00000000e1000000, 0x00000000e2580000, 0x00000000f5b00000)
  object space 22016K, 62% used [0x00000000e1000000,0x00000000e1d6d990,0x00000000e2580000)
 Metaspace       used 16498K, capacity 16826K, committed 17024K, reserved 1064960K
  class space    used 1969K, capacity 2075K, committed 2176K, reserved 1048576K
Event: 29.693 GC heap after
Heap after GC invocations=13 (full 0):
 PSYoungGen      total 16384K, used 928K [0x00000000f5b00000, 0x00000000f7800000, 0x0000000100000000)
  eden space 15360K, 0% used [0x00000000f5b00000,0x00000000f5b00000,0x00000000f6a00000)
  from space 1024K, 90% used [0x00000000f7000000,0x00000000f70e8000,0x00000000f7100000)
  to   space 4608K, 0% used [0x00000000f7380000,0x00000000f7380000,0x00000000f7800000)
 ParOldGen       total 22016K, used 14470K [0x00000000e1000000, 0x00000000e2580000, 0x00000000f5b00000)
  object space 22016K, 65% used [0x00000000e1000000,0x00000000e1e21990,0x00000000e2580000)
 Metaspace       used 16498K, capacity 16826K, committed 17024K, reserved 1064960K
  class space    used 1969K, capacity 2075K, committed 2176K, reserved 1048576K
}
Event: 36.297 GC heap before
{Heap before GC invocations=14 (full 0):
 PSYoungGen      total 16384K, used 16288K [0x00000000f5b00000, 0x00000000f7800000, 0x0000000100000000)
  eden space 15360K, 100% used [0x00000000f5b00000,0x00000000f6a00000,0x00000000f6a00000)
  from space 1024K, 90% used [0x00000000f7000000,0x00000000f70e8000,0x00000000f7100000)
  to   space 4608K, 0% used [0x00000000f7380000,0x00000000f7380000,0x00000000f7800000)
 ParOldGen       total 22016K, used 14470K [0x00000000e1000000, 0x00000000e2580000, 0x00000000f5b00000)
  object space 22016K, 65% used [0x00000000e1000000,0x00000000e1e21990,0x00000000e2580000)
 Metaspace       used 16947K, capacity 17392K, committed 17536K, reserved 1064960K
  class space    used 1999K, capacity 2116K, committed 2176K, reserved 1048576K
Event: 36.306 GC heap after
Heap after GC invocations=14 (full 0):
 PSYoungGen      total 17408K, used 1577K [0x00000000f5b00000, 0x00000000f7580000, 0x0000000100000000)
  eden space 15360K, 0% used [0x00000000f5b00000,0x00000000f5b00000,0x00000000f6a00000)
  from space 2048K, 77% used [0x00000000f7380000,0x00000000f750a5f8,0x00000000f7580000)
  to   space 4608K, 0% used [0x00000000f6c80000,0x00000000f6c80000,0x00000000f7100000)
 ParOldGen       total 22016K, used 15278K [0x00000000e1000000, 0x00000000e2580000, 0x00000000f5b00000)
  object space 22016K, 69% used [0x00000000e1000000,0x00000000e1eeb990,0x00000000e2580000)
 Metaspace       used 16947K, capacity 17392K, committed 17536K, reserved 1064960K
  class space    used 1999K, capacity 2116K, committed 2176K, reserved 1048576K
}
Event: 38.124 GC heap before
{Heap before GC invocations=15 (full 0):
 PSYoungGen      total 17408K, used 16937K [0x00000000f5b00000, 0x00000000f7580000, 0x0000000100000000)
  eden space 15360K, 100% used [0x00000000f5b00000,0x00000000f6a00000,0x00000000f6a00000)
  from space 2048K, 77% used [0x00000000f7380000,0x00000000f750a5f8,0x00000000f7580000)
  to   space 4608K, 0% used [0x00000000f6c80000,0x00000000f6c80000,0x00000000f7100000)
 ParOldGen       total 22016K, used 15278K [0x00000000e1000000, 0x00000000e2580000, 0x00000000f5b00000)
  object space 22016K, 69% used [0x00000000e1000000,0x00000000e1eeb990,0x00000000e2580000)
 Metaspace       used 17138K, capacity 17564K, committed 17792K, reserved 1064960K
  class space    used 2021K, capacity 2156K, committed 2176K, reserved 1048576K
Event: 38.156 GC heap after
Heap after GC invocations=15 (full 0):
 PSYoungGen      total 16896K, used 1431K [0x00000000f5b00000, 0x00000000f7400000, 0x0000000100000000)
  eden space 15360K, 0% used [0x00000000f5b00000,0x00000000f5b00000,0x00000000f6a00000)
  from space 1536K, 93% used [0x00000000f6c80000,0x00000000f6de5d10,0x00000000f6e00000)
  to   space 4608K, 0% used [0x00000000f6f80000,0x00000000f6f80000,0x00000000f7400000)
 ParOldGen       total 22016K, used 16110K [0x00000000e1000000, 0x00000000e2580000, 0x00000000f5b00000)
  object space 22016K, 73% used [0x00000000e1000000,0x00000000e1fbb990,0x00000000e2580000)
 Metaspace       used 17138K, capacity 17564K, committed 17792K, reserved 1064960K
  class space    used 2021K, capacity 2156K, committed 2176K, reserved 1048576K
}

